<?xml version="1.0" encoding="UTF-8"?>
<!-- Generated by org.testng.reporters.JUnitReportReporter -->
<testsuite hostname="ASHRITH" failures="0" tests="4" name="com.inetBanking.TestCases.TC_DDTTest_002" time="22.317" errors="0" timestamp="2023-11-23T12:22:13 IST" skipped="0">
  <testcase classname="com.inetBanking.TestCases.TC_DDTTest_002" name="LoginDDt" time="4.642"/>
  <system-out/>
  <testcase classname="com.inetBanking.TestCases.TC_DDTTest_002" name="LoginDDt" time="7.932"/>
  <system-out/>
  <testcase classname="com.inetBanking.TestCases.TC_DDTTest_002" name="LoginDDt" time="5.449"/>
  <system-out/>
  <testcase classname="com.inetBanking.TestCases.TC_DDTTest_002" name="LoginDDt" time="4.294"/>
  <system-out/>
</testsuite> <!-- com.inetBanking.TestCases.TC_DDTTest_002 -->
