<?xml version="1.0" encoding="UTF-8"?>
<!-- Generated by org.testng.reporters.JUnitReportReporter -->
<testsuite hostname="ASHRITH" failures="0" tests="1" name="com.inetBanking.TestCases.TC_LoginTest_001" time="8.292" errors="0" timestamp="2023-11-23T12:22:13 IST" skipped="0">
  <testcase classname="com.inetBanking.TestCases.TC_LoginTest_001" name="loginTest" time="8.292"/>
  <system-out/>
</testsuite> <!-- com.inetBanking.TestCases.TC_LoginTest_001 -->
