<?xml version="1.0" encoding="UTF-8"?>
<!-- Generated by org.testng.reporters.JUnitReportReporter -->
<testsuite hostname="ASHRITH" failures="0" tests="4" name="com.inetBanking.TestCases.TC_DDTTest_002" time="44.986" errors="0" timestamp="2023-11-24T11:51:08 IST" skipped="0">
  <testcase classname="com.inetBanking.TestCases.TC_DDTTest_002" name="LoginDDt" time="12.844"/>
  <system-out/>
  <testcase classname="com.inetBanking.TestCases.TC_DDTTest_002" name="LoginDDt" time="10.634"/>
  <system-out/>
  <testcase classname="com.inetBanking.TestCases.TC_DDTTest_002" name="LoginDDt" time="10.021"/>
  <system-out/>
  <testcase classname="com.inetBanking.TestCases.TC_DDTTest_002" name="LoginDDt" time="11.487"/>
  <system-out/>
</testsuite> <!-- com.inetBanking.TestCases.TC_DDTTest_002 -->
